<?xml version="1.0" encoding="UTF-8"?>
<testsuite name="it.unibo.utils.PathTest" tests="1" skipped="0" failures="0" errors="0" timestamp="2023-06-01T08:53:05" hostname="PC-GIAN" time="0.529">
  <properties/>
  <testcase name="testPathBuilder()" classname="it.unibo.utils.PathTest" time="0.529"/>
  <system-out><![CDATA[
Current Element :P2d

Current Element :P2d

Current Element :P2d

Current Element :P2d

Current Element :P2d

Current Element :P2d
[P2d(10.0,30.0), P2d(300.0,30.0), P2d(300.0,200.0), P2d(10.0,200.0), P2d(10.0,300.0), P2d(200.0,300.0)]
P2d(11.0,30.0)
P2d(12.0,30.0)
P2d(13.0,30.0)
P2d(14.0,30.0)
P2d(15.0,30.0)
P2d(16.0,30.0)
P2d(17.0,30.0)
P2d(18.0,30.0)
P2d(19.0,30.0)
P2d(20.0,30.0)
P2d(21.0,30.0)
P2d(22.0,30.0)
P2d(23.0,30.0)
P2d(24.0,30.0)
P2d(25.0,30.0)
P2d(26.0,30.0)
P2d(27.0,30.0)
P2d(28.0,30.0)
P2d(29.0,30.0)
P2d(30.0,30.0)
P2d(31.0,30.0)
P2d(32.0,30.0)
P2d(33.0,30.0)
P2d(34.0,30.0)
P2d(35.0,30.0)
P2d(36.0,30.0)
P2d(37.0,30.0)
P2d(38.0,30.0)
P2d(39.0,30.0)
P2d(40.0,30.0)
P2d(41.0,30.0)
P2d(42.0,30.0)
P2d(43.0,30.0)
P2d(44.0,30.0)
P2d(45.0,30.0)
P2d(46.0,30.0)
P2d(47.0,30.0)
P2d(48.0,30.0)
P2d(49.0,30.0)
P2d(50.0,30.0)
P2d(51.0,30.0)
P2d(52.0,30.0)
P2d(53.0,30.0)
P2d(54.0,30.0)
P2d(55.0,30.0)
P2d(56.0,30.0)
P2d(57.0,30.0)
P2d(58.0,30.0)
P2d(59.0,30.0)
P2d(60.0,30.0)
P2d(61.0,30.0)
P2d(62.0,30.0)
P2d(63.0,30.0)
P2d(64.0,30.0)
P2d(65.0,30.0)
P2d(66.0,30.0)
P2d(67.0,30.0)
P2d(68.0,30.0)
P2d(69.0,30.0)
P2d(70.0,30.0)
P2d(71.0,30.0)
P2d(72.0,30.0)
P2d(73.0,30.0)
P2d(74.0,30.0)
P2d(75.0,30.0)
P2d(76.0,30.0)
P2d(77.0,30.0)
P2d(78.0,30.0)
P2d(79.0,30.0)
P2d(80.0,30.0)
P2d(81.0,30.0)
P2d(82.0,30.0)
P2d(83.0,30.0)
P2d(84.0,30.0)
P2d(85.0,30.0)
P2d(86.0,30.0)
P2d(87.0,30.0)
P2d(88.0,30.0)
P2d(89.0,30.0)
P2d(90.0,30.0)
P2d(91.0,30.0)
P2d(92.0,30.0)
P2d(93.0,30.0)
P2d(94.0,30.0)
P2d(95.0,30.0)
P2d(96.0,30.0)
P2d(97.0,30.0)
P2d(98.0,30.0)
P2d(99.0,30.0)
P2d(100.0,30.0)
P2d(101.0,30.0)
P2d(102.0,30.0)
P2d(103.0,30.0)
P2d(104.0,30.0)
P2d(105.0,30.0)
P2d(106.0,30.0)
P2d(107.0,30.0)
P2d(108.0,30.0)
P2d(109.0,30.0)
P2d(110.0,30.0)
P2d(111.0,30.0)
P2d(112.0,30.0)
P2d(113.0,30.0)
P2d(114.0,30.0)
P2d(115.0,30.0)
P2d(116.0,30.0)
P2d(117.0,30.0)
P2d(118.0,30.0)
P2d(119.0,30.0)
P2d(120.0,30.0)
P2d(121.0,30.0)
P2d(122.0,30.0)
P2d(123.0,30.0)
P2d(124.0,30.0)
P2d(125.0,30.0)
P2d(126.0,30.0)
P2d(127.0,30.0)
P2d(128.0,30.0)
P2d(129.0,30.0)
P2d(130.0,30.0)
P2d(131.0,30.0)
P2d(132.0,30.0)
P2d(133.0,30.0)
P2d(134.0,30.0)
P2d(135.0,30.0)
P2d(136.0,30.0)
P2d(137.0,30.0)
P2d(138.0,30.0)
P2d(139.0,30.0)
P2d(140.0,30.0)
P2d(141.0,30.0)
P2d(142.0,30.0)
P2d(143.0,30.0)
P2d(144.0,30.0)
P2d(145.0,30.0)
P2d(146.0,30.0)
P2d(147.0,30.0)
P2d(148.0,30.0)
P2d(149.0,30.0)
P2d(150.0,30.0)
P2d(151.0,30.0)
P2d(152.0,30.0)
P2d(153.0,30.0)
P2d(154.0,30.0)
P2d(155.0,30.0)
P2d(156.0,30.0)
P2d(157.0,30.0)
P2d(158.0,30.0)
P2d(159.0,30.0)
P2d(160.0,30.0)
P2d(161.0,30.0)
P2d(162.0,30.0)
P2d(163.0,30.0)
P2d(164.0,30.0)
P2d(165.0,30.0)
P2d(166.0,30.0)
P2d(167.0,30.0)
P2d(168.0,30.0)
P2d(169.0,30.0)
P2d(170.0,30.0)
P2d(171.0,30.0)
P2d(172.0,30.0)
P2d(173.0,30.0)
P2d(174.0,30.0)
P2d(175.0,30.0)
P2d(176.0,30.0)
P2d(177.0,30.0)
P2d(178.0,30.0)
P2d(179.0,30.0)
P2d(180.0,30.0)
P2d(181.0,30.0)
P2d(182.0,30.0)
P2d(183.0,30.0)
P2d(184.0,30.0)
P2d(185.0,30.0)
P2d(186.0,30.0)
P2d(187.0,30.0)
P2d(188.0,30.0)
P2d(189.0,30.0)
P2d(190.0,30.0)
P2d(191.0,30.0)
P2d(192.0,30.0)
P2d(193.0,30.0)
P2d(194.0,30.0)
P2d(195.0,30.0)
P2d(196.0,30.0)
P2d(197.0,30.0)
P2d(198.0,30.0)
P2d(199.0,30.0)
P2d(200.0,30.0)
P2d(201.0,30.0)
P2d(202.0,30.0)
P2d(203.0,30.0)
P2d(204.0,30.0)
P2d(205.0,30.0)
P2d(206.0,30.0)
P2d(207.0,30.0)
P2d(208.0,30.0)
P2d(209.0,30.0)
P2d(210.0,30.0)
P2d(211.0,30.0)
P2d(212.0,30.0)
P2d(213.0,30.0)
P2d(214.0,30.0)
P2d(215.0,30.0)
P2d(216.0,30.0)
P2d(217.0,30.0)
P2d(218.0,30.0)
P2d(219.0,30.0)
P2d(220.0,30.0)
P2d(221.0,30.0)
P2d(222.0,30.0)
P2d(223.0,30.0)
P2d(224.0,30.0)
P2d(225.0,30.0)
P2d(226.0,30.0)
P2d(227.0,30.0)
P2d(228.0,30.0)
P2d(229.0,30.0)
P2d(230.0,30.0)
P2d(231.0,30.0)
P2d(232.0,30.0)
P2d(233.0,30.0)
P2d(234.0,30.0)
P2d(235.0,30.0)
P2d(236.0,30.0)
P2d(237.0,30.0)
P2d(238.0,30.0)
P2d(239.0,30.0)
P2d(240.0,30.0)
P2d(241.0,30.0)
P2d(242.0,30.0)
P2d(243.0,30.0)
P2d(244.0,30.0)
P2d(245.0,30.0)
P2d(246.0,30.0)
P2d(247.0,30.0)
P2d(248.0,30.0)
P2d(249.0,30.0)
P2d(250.0,30.0)
P2d(251.0,30.0)
P2d(252.0,30.0)
P2d(253.0,30.0)
P2d(254.0,30.0)
P2d(255.0,30.0)
P2d(256.0,30.0)
P2d(257.0,30.0)
P2d(258.0,30.0)
P2d(259.0,30.0)
P2d(260.0,30.0)
P2d(261.0,30.0)
P2d(262.0,30.0)
P2d(263.0,30.0)
P2d(264.0,30.0)
P2d(265.0,30.0)
P2d(266.0,30.0)
P2d(267.0,30.0)
P2d(268.0,30.0)
P2d(269.0,30.0)
P2d(270.0,30.0)
P2d(271.0,30.0)
P2d(272.0,30.0)
P2d(273.0,30.0)
P2d(274.0,30.0)
P2d(275.0,30.0)
P2d(276.0,30.0)
P2d(277.0,30.0)
P2d(278.0,30.0)
P2d(279.0,30.0)
P2d(280.0,30.0)
P2d(281.0,30.0)
P2d(282.0,30.0)
P2d(283.0,30.0)
P2d(284.0,30.0)
P2d(285.0,30.0)
P2d(286.0,30.0)
P2d(287.0,30.0)
P2d(288.0,30.0)
P2d(289.0,30.0)
P2d(290.0,30.0)
P2d(291.0,30.0)
P2d(292.0,30.0)
P2d(293.0,30.0)
P2d(294.0,30.0)
P2d(295.0,30.0)
P2d(296.0,30.0)
P2d(297.0,30.0)
P2d(298.0,30.0)
P2d(299.0,30.0)
P2d(300.0,30.0)
P2d(300.0,31.0)
P2d(300.0,32.0)
P2d(300.0,33.0)
P2d(300.0,34.0)
P2d(300.0,35.0)
P2d(300.0,36.0)
P2d(300.0,37.0)
P2d(300.0,38.0)
P2d(300.0,39.0)
P2d(300.0,40.0)
P2d(300.0,41.0)
P2d(300.0,42.0)
P2d(300.0,43.0)
P2d(300.0,44.0)
P2d(300.0,45.0)
P2d(300.0,46.0)
P2d(300.0,47.0)
P2d(300.0,48.0)
P2d(300.0,49.0)
P2d(300.0,50.0)
P2d(300.0,51.0)
P2d(300.0,52.0)
P2d(300.0,53.0)
P2d(300.0,54.0)
P2d(300.0,55.0)
P2d(300.0,56.0)
P2d(300.0,57.0)
P2d(300.0,58.0)
P2d(300.0,59.0)
P2d(300.0,60.0)
P2d(300.0,61.0)
P2d(300.0,62.0)
P2d(300.0,63.0)
P2d(300.0,64.0)
P2d(300.0,65.0)
P2d(300.0,66.0)
P2d(300.0,67.0)
P2d(300.0,68.0)
P2d(300.0,69.0)
P2d(300.0,70.0)
P2d(300.0,71.0)
P2d(300.0,72.0)
P2d(300.0,73.0)
P2d(300.0,74.0)
P2d(300.0,75.0)
P2d(300.0,76.0)
P2d(300.0,77.0)
P2d(300.0,78.0)
P2d(300.0,79.0)
P2d(300.0,80.0)
P2d(300.0,81.0)
P2d(300.0,82.0)
P2d(300.0,83.0)
P2d(300.0,84.0)
P2d(300.0,85.0)
P2d(300.0,86.0)
P2d(300.0,87.0)
P2d(300.0,88.0)
P2d(300.0,89.0)
P2d(300.0,90.0)
P2d(300.0,91.0)
P2d(300.0,92.0)
P2d(300.0,93.0)
P2d(300.0,94.0)
P2d(300.0,95.0)
P2d(300.0,96.0)
P2d(300.0,97.0)
P2d(300.0,98.0)
P2d(300.0,99.0)
P2d(300.0,100.0)
P2d(300.0,101.0)
P2d(300.0,102.0)
P2d(300.0,103.0)
P2d(300.0,104.0)
P2d(300.0,105.0)
P2d(300.0,106.0)
P2d(300.0,107.0)
P2d(300.0,108.0)
P2d(300.0,109.0)
P2d(300.0,110.0)
P2d(300.0,111.0)
P2d(300.0,112.0)
P2d(300.0,113.0)
P2d(300.0,114.0)
P2d(300.0,115.0)
P2d(300.0,116.0)
P2d(300.0,117.0)
P2d(300.0,118.0)
P2d(300.0,119.0)
P2d(300.0,120.0)
P2d(300.0,121.0)
P2d(300.0,122.0)
P2d(300.0,123.0)
P2d(300.0,124.0)
P2d(300.0,125.0)
P2d(300.0,126.0)
P2d(300.0,127.0)
P2d(300.0,128.0)
P2d(300.0,129.0)
P2d(300.0,130.0)
P2d(300.0,131.0)
P2d(300.0,132.0)
P2d(300.0,133.0)
P2d(300.0,134.0)
P2d(300.0,135.0)
P2d(300.0,136.0)
P2d(300.0,137.0)
P2d(300.0,138.0)
P2d(300.0,139.0)
P2d(300.0,140.0)
P2d(300.0,141.0)
P2d(300.0,142.0)
P2d(300.0,143.0)
P2d(300.0,144.0)
P2d(300.0,145.0)
P2d(300.0,146.0)
P2d(300.0,147.0)
P2d(300.0,148.0)
P2d(300.0,149.0)
P2d(300.0,150.0)
P2d(300.0,151.0)
P2d(300.0,152.0)
P2d(300.0,153.0)
P2d(300.0,154.0)
P2d(300.0,155.0)
P2d(300.0,156.0)
P2d(300.0,157.0)
P2d(300.0,158.0)
P2d(300.0,159.0)
P2d(300.0,160.0)
P2d(300.0,161.0)
P2d(300.0,162.0)
P2d(300.0,163.0)
P2d(300.0,164.0)
P2d(300.0,165.0)
P2d(300.0,166.0)
P2d(300.0,167.0)
P2d(300.0,168.0)
P2d(300.0,169.0)
P2d(300.0,170.0)
P2d(300.0,171.0)
P2d(300.0,172.0)
P2d(300.0,173.0)
P2d(300.0,174.0)
P2d(300.0,175.0)
P2d(300.0,176.0)
P2d(300.0,177.0)
P2d(300.0,178.0)
P2d(300.0,179.0)
P2d(300.0,180.0)
P2d(300.0,181.0)
P2d(300.0,182.0)
P2d(300.0,183.0)
P2d(300.0,184.0)
P2d(300.0,185.0)
P2d(300.0,186.0)
P2d(300.0,187.0)
P2d(300.0,188.0)
P2d(300.0,189.0)
P2d(300.0,190.0)
P2d(300.0,191.0)
P2d(300.0,192.0)
P2d(300.0,193.0)
P2d(300.0,194.0)
P2d(300.0,195.0)
P2d(300.0,196.0)
P2d(300.0,197.0)
P2d(300.0,198.0)
P2d(300.0,199.0)
P2d(300.0,200.0)
P2d(299.0,200.0)
P2d(298.0,200.0)
P2d(297.0,200.0)
P2d(296.0,200.0)
P2d(295.0,200.0)
P2d(294.0,200.0)
P2d(293.0,200.0)
P2d(292.0,200.0)
P2d(291.0,200.0)
P2d(290.0,200.0)
P2d(289.0,200.0)
P2d(288.0,200.0)
P2d(287.0,200.0)
P2d(286.0,200.0)
P2d(285.0,200.0)
P2d(284.0,200.0)
P2d(283.0,200.0)
P2d(282.0,200.0)
P2d(281.0,200.0)
P2d(280.0,200.0)
P2d(279.0,200.0)
P2d(278.0,200.0)
P2d(277.0,200.0)
P2d(276.0,200.0)
P2d(275.0,200.0)
P2d(274.0,200.0)
P2d(273.0,200.0)
P2d(272.0,200.0)
P2d(271.0,200.0)
P2d(270.0,200.0)
P2d(269.0,200.0)
P2d(268.0,200.0)
P2d(267.0,200.0)
P2d(266.0,200.0)
P2d(265.0,200.0)
P2d(264.0,200.0)
P2d(263.0,200.0)
P2d(262.0,200.0)
P2d(261.0,200.0)
P2d(260.0,200.0)
P2d(259.0,200.0)
P2d(258.0,200.0)
P2d(257.0,200.0)
P2d(256.0,200.0)
P2d(255.0,200.0)
P2d(254.0,200.0)
P2d(253.0,200.0)
P2d(252.0,200.0)
P2d(251.0,200.0)
P2d(250.0,200.0)
P2d(249.0,200.0)
P2d(248.0,200.0)
P2d(247.0,200.0)
P2d(246.0,200.0)
P2d(245.0,200.0)
P2d(244.0,200.0)
P2d(243.0,200.0)
P2d(242.0,200.0)
P2d(241.0,200.0)
P2d(240.0,200.0)
P2d(239.0,200.0)
P2d(238.0,200.0)
P2d(237.0,200.0)
P2d(236.0,200.0)
P2d(235.0,200.0)
P2d(234.0,200.0)
P2d(233.0,200.0)
P2d(232.0,200.0)
P2d(231.0,200.0)
P2d(230.0,200.0)
P2d(229.0,200.0)
P2d(228.0,200.0)
P2d(227.0,200.0)
P2d(226.0,200.0)
P2d(225.0,200.0)
P2d(224.0,200.0)
P2d(223.0,200.0)
P2d(222.0,200.0)
P2d(221.0,200.0)
P2d(220.0,200.0)
P2d(219.0,200.0)
P2d(218.0,200.0)
P2d(217.0,200.0)
P2d(216.0,200.0)
P2d(215.0,200.0)
P2d(214.0,200.0)
P2d(213.0,200.0)
P2d(212.0,200.0)
P2d(211.0,200.0)
P2d(210.0,200.0)
P2d(209.0,200.0)
P2d(208.0,200.0)
P2d(207.0,200.0)
P2d(206.0,200.0)
P2d(205.0,200.0)
P2d(204.0,200.0)
P2d(203.0,200.0)
P2d(202.0,200.0)
P2d(201.0,200.0)
P2d(200.0,200.0)
P2d(199.0,200.0)
P2d(198.0,200.0)
P2d(197.0,200.0)
P2d(196.0,200.0)
P2d(195.0,200.0)
P2d(194.0,200.0)
P2d(193.0,200.0)
P2d(192.0,200.0)
P2d(191.0,200.0)
P2d(190.0,200.0)
P2d(189.0,200.0)
P2d(188.0,200.0)
P2d(187.0,200.0)
P2d(186.0,200.0)
P2d(185.0,200.0)
P2d(184.0,200.0)
P2d(183.0,200.0)
P2d(182.0,200.0)
P2d(181.0,200.0)
P2d(180.0,200.0)
P2d(179.0,200.0)
P2d(178.0,200.0)
P2d(177.0,200.0)
P2d(176.0,200.0)
P2d(175.0,200.0)
P2d(174.0,200.0)
P2d(173.0,200.0)
P2d(172.0,200.0)
P2d(171.0,200.0)
P2d(170.0,200.0)
P2d(169.0,200.0)
P2d(168.0,200.0)
P2d(167.0,200.0)
P2d(166.0,200.0)
P2d(165.0,200.0)
P2d(164.0,200.0)
P2d(163.0,200.0)
P2d(162.0,200.0)
P2d(161.0,200.0)
P2d(160.0,200.0)
P2d(159.0,200.0)
P2d(158.0,200.0)
P2d(157.0,200.0)
P2d(156.0,200.0)
P2d(155.0,200.0)
P2d(154.0,200.0)
P2d(153.0,200.0)
P2d(152.0,200.0)
P2d(151.0,200.0)
P2d(150.0,200.0)
P2d(149.0,200.0)
P2d(148.0,200.0)
P2d(147.0,200.0)
P2d(146.0,200.0)
P2d(145.0,200.0)
P2d(144.0,200.0)
P2d(143.0,200.0)
P2d(142.0,200.0)
P2d(141.0,200.0)
P2d(140.0,200.0)
P2d(139.0,200.0)
P2d(138.0,200.0)
P2d(137.0,200.0)
P2d(136.0,200.0)
P2d(135.0,200.0)
P2d(134.0,200.0)
P2d(133.0,200.0)
P2d(132.0,200.0)
P2d(131.0,200.0)
P2d(130.0,200.0)
P2d(129.0,200.0)
P2d(128.0,200.0)
P2d(127.0,200.0)
P2d(126.0,200.0)
P2d(125.0,200.0)
P2d(124.0,200.0)
P2d(123.0,200.0)
P2d(122.0,200.0)
P2d(121.0,200.0)
P2d(120.0,200.0)
P2d(119.0,200.0)
P2d(118.0,200.0)
P2d(117.0,200.0)
P2d(116.0,200.0)
P2d(115.0,200.0)
P2d(114.0,200.0)
P2d(113.0,200.0)
P2d(112.0,200.0)
P2d(111.0,200.0)
P2d(110.0,200.0)
P2d(109.0,200.0)
P2d(108.0,200.0)
P2d(107.0,200.0)
P2d(106.0,200.0)
P2d(105.0,200.0)
P2d(104.0,200.0)
P2d(103.0,200.0)
P2d(102.0,200.0)
P2d(101.0,200.0)
P2d(100.0,200.0)
P2d(99.0,200.0)
P2d(98.0,200.0)
P2d(97.0,200.0)
P2d(96.0,200.0)
P2d(95.0,200.0)
P2d(94.0,200.0)
P2d(93.0,200.0)
P2d(92.0,200.0)
P2d(91.0,200.0)
P2d(90.0,200.0)
P2d(89.0,200.0)
P2d(88.0,200.0)
P2d(87.0,200.0)
P2d(86.0,200.0)
P2d(85.0,200.0)
P2d(84.0,200.0)
P2d(83.0,200.0)
P2d(82.0,200.0)
P2d(81.0,200.0)
P2d(80.0,200.0)
P2d(79.0,200.0)
P2d(78.0,200.0)
P2d(77.0,200.0)
P2d(76.0,200.0)
P2d(75.0,200.0)
P2d(74.0,200.0)
P2d(73.0,200.0)
P2d(72.0,200.0)
P2d(71.0,200.0)
P2d(70.0,200.0)
P2d(69.0,200.0)
P2d(68.0,200.0)
P2d(67.0,200.0)
P2d(66.0,200.0)
P2d(65.0,200.0)
P2d(64.0,200.0)
P2d(63.0,200.0)
P2d(62.0,200.0)
P2d(61.0,200.0)
P2d(60.0,200.0)
P2d(59.0,200.0)
P2d(58.0,200.0)
P2d(57.0,200.0)
P2d(56.0,200.0)
P2d(55.0,200.0)
P2d(54.0,200.0)
P2d(53.0,200.0)
P2d(52.0,200.0)
P2d(51.0,200.0)
P2d(50.0,200.0)
P2d(49.0,200.0)
P2d(48.0,200.0)
P2d(47.0,200.0)
P2d(46.0,200.0)
P2d(45.0,200.0)
P2d(44.0,200.0)
P2d(43.0,200.0)
P2d(42.0,200.0)
P2d(41.0,200.0)
P2d(40.0,200.0)
P2d(39.0,200.0)
P2d(38.0,200.0)
P2d(37.0,200.0)
P2d(36.0,200.0)
P2d(35.0,200.0)
P2d(34.0,200.0)
P2d(33.0,200.0)
P2d(32.0,200.0)
P2d(31.0,200.0)
P2d(30.0,200.0)
P2d(29.0,200.0)
P2d(28.0,200.0)
P2d(27.0,200.0)
P2d(26.0,200.0)
P2d(25.0,200.0)
P2d(24.0,200.0)
P2d(23.0,200.0)
P2d(22.0,200.0)
P2d(21.0,200.0)
P2d(20.0,200.0)
P2d(19.0,200.0)
P2d(18.0,200.0)
P2d(17.0,200.0)
P2d(16.0,200.0)
P2d(15.0,200.0)
P2d(14.0,200.0)
P2d(13.0,200.0)
P2d(12.0,200.0)
P2d(11.0,200.0)
P2d(10.0,200.0)
P2d(10.0,201.0)
P2d(10.0,202.0)
P2d(10.0,203.0)
P2d(10.0,204.0)
P2d(10.0,205.0)
P2d(10.0,206.0)
P2d(10.0,207.0)
P2d(10.0,208.0)
P2d(10.0,209.0)
P2d(10.0,210.0)
P2d(10.0,211.0)
P2d(10.0,212.0)
P2d(10.0,213.0)
P2d(10.0,214.0)
P2d(10.0,215.0)
P2d(10.0,216.0)
P2d(10.0,217.0)
P2d(10.0,218.0)
P2d(10.0,219.0)
P2d(10.0,220.0)
P2d(10.0,221.0)
P2d(10.0,222.0)
P2d(10.0,223.0)
P2d(10.0,224.0)
P2d(10.0,225.0)
P2d(10.0,226.0)
P2d(10.0,227.0)
P2d(10.0,228.0)
P2d(10.0,229.0)
P2d(10.0,230.0)
P2d(10.0,231.0)
P2d(10.0,232.0)
P2d(10.0,233.0)
P2d(10.0,234.0)
P2d(10.0,235.0)
P2d(10.0,236.0)
P2d(10.0,237.0)
P2d(10.0,238.0)
P2d(10.0,239.0)
P2d(10.0,240.0)
P2d(10.0,241.0)
P2d(10.0,242.0)
P2d(10.0,243.0)
P2d(10.0,244.0)
P2d(10.0,245.0)
P2d(10.0,246.0)
P2d(10.0,247.0)
P2d(10.0,248.0)
P2d(10.0,249.0)
P2d(10.0,250.0)
P2d(10.0,251.0)
P2d(10.0,252.0)
P2d(10.0,253.0)
P2d(10.0,254.0)
P2d(10.0,255.0)
P2d(10.0,256.0)
P2d(10.0,257.0)
P2d(10.0,258.0)
P2d(10.0,259.0)
P2d(10.0,260.0)
P2d(10.0,261.0)
P2d(10.0,262.0)
P2d(10.0,263.0)
P2d(10.0,264.0)
P2d(10.0,265.0)
P2d(10.0,266.0)
P2d(10.0,267.0)
P2d(10.0,268.0)
P2d(10.0,269.0)
P2d(10.0,270.0)
P2d(10.0,271.0)
P2d(10.0,272.0)
P2d(10.0,273.0)
P2d(10.0,274.0)
P2d(10.0,275.0)
P2d(10.0,276.0)
P2d(10.0,277.0)
P2d(10.0,278.0)
P2d(10.0,279.0)
P2d(10.0,280.0)
P2d(10.0,281.0)
P2d(10.0,282.0)
P2d(10.0,283.0)
P2d(10.0,284.0)
P2d(10.0,285.0)
P2d(10.0,286.0)
P2d(10.0,287.0)
P2d(10.0,288.0)
P2d(10.0,289.0)
P2d(10.0,290.0)
P2d(10.0,291.0)
P2d(10.0,292.0)
P2d(10.0,293.0)
P2d(10.0,294.0)
P2d(10.0,295.0)
P2d(10.0,296.0)
P2d(10.0,297.0)
P2d(10.0,298.0)
P2d(10.0,299.0)
P2d(10.0,300.0)
P2d(11.0,300.0)
P2d(12.0,300.0)
P2d(13.0,300.0)
P2d(14.0,300.0)
P2d(15.0,300.0)
P2d(16.0,300.0)
P2d(17.0,300.0)
P2d(18.0,300.0)
P2d(19.0,300.0)
P2d(20.0,300.0)
P2d(21.0,300.0)
P2d(22.0,300.0)
P2d(23.0,300.0)
P2d(24.0,300.0)
P2d(25.0,300.0)
P2d(26.0,300.0)
P2d(27.0,300.0)
P2d(28.0,300.0)
P2d(29.0,300.0)
P2d(30.0,300.0)
P2d(31.0,300.0)
P2d(32.0,300.0)
P2d(33.0,300.0)
P2d(34.0,300.0)
P2d(35.0,300.0)
P2d(36.0,300.0)
P2d(37.0,300.0)
P2d(38.0,300.0)
P2d(39.0,300.0)
P2d(40.0,300.0)
P2d(41.0,300.0)
P2d(42.0,300.0)
P2d(43.0,300.0)
P2d(44.0,300.0)
P2d(45.0,300.0)
P2d(46.0,300.0)
P2d(47.0,300.0)
P2d(48.0,300.0)
P2d(49.0,300.0)
P2d(50.0,300.0)
P2d(51.0,300.0)
P2d(52.0,300.0)
P2d(53.0,300.0)
P2d(54.0,300.0)
P2d(55.0,300.0)
P2d(56.0,300.0)
P2d(57.0,300.0)
P2d(58.0,300.0)
P2d(59.0,300.0)
P2d(60.0,300.0)
P2d(61.0,300.0)
P2d(62.0,300.0)
P2d(63.0,300.0)
P2d(64.0,300.0)
P2d(65.0,300.0)
P2d(66.0,300.0)
P2d(67.0,300.0)
P2d(68.0,300.0)
P2d(69.0,300.0)
P2d(70.0,300.0)
P2d(71.0,300.0)
P2d(72.0,300.0)
P2d(73.0,300.0)
P2d(74.0,300.0)
P2d(75.0,300.0)
P2d(76.0,300.0)
P2d(77.0,300.0)
P2d(78.0,300.0)
P2d(79.0,300.0)
P2d(80.0,300.0)
P2d(81.0,300.0)
P2d(82.0,300.0)
P2d(83.0,300.0)
P2d(84.0,300.0)
P2d(85.0,300.0)
P2d(86.0,300.0)
P2d(87.0,300.0)
P2d(88.0,300.0)
P2d(89.0,300.0)
P2d(90.0,300.0)
P2d(91.0,300.0)
P2d(92.0,300.0)
P2d(93.0,300.0)
P2d(94.0,300.0)
P2d(95.0,300.0)
P2d(96.0,300.0)
P2d(97.0,300.0)
P2d(98.0,300.0)
P2d(99.0,300.0)
P2d(100.0,300.0)
P2d(101.0,300.0)
P2d(102.0,300.0)
P2d(103.0,300.0)
P2d(104.0,300.0)
P2d(105.0,300.0)
P2d(106.0,300.0)
P2d(107.0,300.0)
P2d(108.0,300.0)
P2d(109.0,300.0)
P2d(110.0,300.0)
P2d(111.0,300.0)
P2d(112.0,300.0)
P2d(113.0,300.0)
P2d(114.0,300.0)
P2d(115.0,300.0)
P2d(116.0,300.0)
P2d(117.0,300.0)
P2d(118.0,300.0)
P2d(119.0,300.0)
P2d(120.0,300.0)
P2d(121.0,300.0)
P2d(122.0,300.0)
P2d(123.0,300.0)
P2d(124.0,300.0)
P2d(125.0,300.0)
P2d(126.0,300.0)
P2d(127.0,300.0)
P2d(128.0,300.0)
P2d(129.0,300.0)
P2d(130.0,300.0)
P2d(131.0,300.0)
P2d(132.0,300.0)
P2d(133.0,300.0)
P2d(134.0,300.0)
P2d(135.0,300.0)
P2d(136.0,300.0)
P2d(137.0,300.0)
P2d(138.0,300.0)
P2d(139.0,300.0)
P2d(140.0,300.0)
P2d(141.0,300.0)
P2d(142.0,300.0)
P2d(143.0,300.0)
P2d(144.0,300.0)
P2d(145.0,300.0)
P2d(146.0,300.0)
P2d(147.0,300.0)
P2d(148.0,300.0)
P2d(149.0,300.0)
P2d(150.0,300.0)
P2d(151.0,300.0)
P2d(152.0,300.0)
P2d(153.0,300.0)
P2d(154.0,300.0)
P2d(155.0,300.0)
P2d(156.0,300.0)
P2d(157.0,300.0)
P2d(158.0,300.0)
P2d(159.0,300.0)
P2d(160.0,300.0)
P2d(161.0,300.0)
P2d(162.0,300.0)
P2d(163.0,300.0)
P2d(164.0,300.0)
P2d(165.0,300.0)
P2d(166.0,300.0)
P2d(167.0,300.0)
P2d(168.0,300.0)
P2d(169.0,300.0)
P2d(170.0,300.0)
P2d(171.0,300.0)
P2d(172.0,300.0)
P2d(173.0,300.0)
P2d(174.0,300.0)
P2d(175.0,300.0)
P2d(176.0,300.0)
P2d(177.0,300.0)
P2d(178.0,300.0)
P2d(179.0,300.0)
P2d(180.0,300.0)
P2d(181.0,300.0)
P2d(182.0,300.0)
P2d(183.0,300.0)
P2d(184.0,300.0)
P2d(185.0,300.0)
P2d(186.0,300.0)
P2d(187.0,300.0)
P2d(188.0,300.0)
P2d(189.0,300.0)
P2d(190.0,300.0)
P2d(191.0,300.0)
P2d(192.0,300.0)
P2d(193.0,300.0)
P2d(194.0,300.0)
P2d(195.0,300.0)
P2d(196.0,300.0)
P2d(197.0,300.0)
P2d(198.0,300.0)
P2d(199.0,300.0)
P2d(200.0,300.0)
]]></system-out>
  <system-err><![CDATA[]]></system-err>
</testsuite>
